{"/Users/Marius/Desktop/Odin Project/jest practice/testing-practice/capitalize.js": {"path":"/Users/Marius/Desktop/Odin Project/jest practice/testing-practice/capitalize.js","statementMap":{"0":{"start":{"line":2,"column":2},"end":{"line":2,"column":52}},"1":{"start":{"line":5,"column":0},"end":{"line":5,"column":28}}},"fnMap":{"0":{"name":"capitalize","decl":{"start":{"line":1,"column":9},"end":{"line":1,"column":19}},"loc":{"start":{"line":1,"column":25},"end":{"line":3,"column":1}},"line":1}},"branchMap":{},"s":{"0":1,"1":1},"f":{"0":1},"b":{},"_coverageSchema":"1a1c01bbd47fc00a2c39e90264f33305004495a9","hash":"aec7f916cdd01efe65a7a5b04ff7aa1788710b37"}
}
