TN:
SF:calculator.js
FN:1,(anonymous_0)
FN:4,(anonymous_1)
FN:7,(anonymous_2)
FN:10,(anonymous_3)
FNF:4
FNH:4
FNDA:1,(anonymous_0)
FNDA:1,(anonymous_1)
FNDA:1,(anonymous_2)
FNDA:1,(anonymous_3)
DA:1,1
DA:2,1
DA:4,1
DA:5,1
DA:7,1
DA:8,1
DA:10,1
DA:11,1
DA:14,1
DA:15,1
DA:16,1
DA:17,1
LF:12
LH:12
BRF:0
BRH:0
end_of_record
TN:
SF:capitalize.js
FN:1,capitalize
FNF:1
FNH:1
FNDA:1,capitalize
DA:2,1
DA:5,1
LF:2
LH:2
BRF:0
BRH:0
end_of_record
TN:
SF:reverseStr.js
FN:1,reverseStr
FNF:1
FNH:1
FNDA:1,reverseStr
DA:2,1
DA:5,1
LF:2
LH:2
BRF:0
BRH:0
end_of_record
